[15:25:20] [main/INFO]: Setting user: Player198
[15:25:21] [Client thread/INFO]: LWJGL Version: 2.9.1
[15:25:27] [Client thread/INFO]: Reloading ResourceManager: Default, FMLFileResourcePack:Forge Mod Loader, FMLFileResourcePack:Minecraft Forge, FMLFileResourcePack:Rocket boots
[15:25:27] [Sound Library Loader/INFO]: Sound engine started
[15:25:28] [Client thread/WARN]: File rocketbootsmod:sounds/rocketBootsLessThrottle.ogg does not exist, cannot add it to event rocketbootsmod:rocketBootsLessThrottle
[15:25:28] [Client thread/INFO]: Created: 16x16 textures/blocks-atlas
[15:25:28] [Client thread/INFO]: Created: 16x16 textures/items-atlas
[15:25:28] [Client thread/INFO]: Reloading ResourceManager: Default, FMLFileResourcePack:Forge Mod Loader, FMLFileResourcePack:Minecraft Forge, FMLFileResourcePack:Rocket boots
[15:25:28] [Client thread/INFO]: Created: 512x256 textures/blocks-atlas
[15:25:28] [Client thread/INFO]: Created: 256x256 textures/items-atlas
[15:25:29] [Sound Library Loader/INFO]: Sound engine started
[15:25:29] [Client thread/WARN]: File rocketbootsmod:sounds/rocketBootsLessThrottle.ogg does not exist, cannot add it to event rocketbootsmod:rocketBootsLessThrottle
[15:25:39] [Server thread/INFO]: Starting integrated minecraft server version 1.7.10
[15:25:39] [Server thread/INFO]: Generating keypair
[15:25:39] [Server thread/INFO]: Preparing start region for level 0
[15:25:40] [Server thread/INFO]: Changing view distance to 12, from 10
[15:25:40] [Server thread/INFO]: Player198[local:E:e4b89c9d] logged in with entity id 204 at (210.55606676388598, 91.68953753008994, 208.7762935204808)
[15:25:40] [Server thread/INFO]: Player198 joined the game
[15:26:41] [Server thread/INFO]: Player198 has just earned the achievement [Taking Inventory]
[15:26:41] [Client thread/INFO]: [CHAT] Player198 has just earned the achievement [Taking Inventory]
[15:28:02] [Server thread/INFO]: Saving and pausing game...
[15:28:02] [Server thread/INFO]: Saving chunks for level 'New World'/Overworld
[15:28:02] [Server thread/INFO]: Saving chunks for level 'New World'/Nether
[15:28:02] [Server thread/INFO]: Saving chunks for level 'New World'/The End
[15:28:03] [Server thread/INFO]: Stopping server
[15:28:03] [Server thread/INFO]: Saving players
[15:28:03] [Server thread/INFO]: Saving worlds
[15:28:03] [Server thread/INFO]: Saving chunks for level 'New World'/Overworld
[15:28:03] [Server thread/INFO]: Saving chunks for level 'New World'/Nether
[15:28:03] [Server thread/INFO]: Saving chunks for level 'New World'/The End
[15:28:05] [Client thread/INFO]: Stopping!
